# JRE version: OpenJDK Runtime Environment (8.0_152-b01) (build 1.8.0_152-release-915-b01)
# Java VM: OpenJDK 64-Bit Server VM (25.152-b01 mixed mode windows-amd64 compressed oops)
Heap:
 PSYoungGen      total 59392K, used 22109K [0x00000000e0000000, 0x00000000e5a80000, 0x0000000100000000)
  eden space 49152K, 28% used [0x00000000e0000000,0x00000000e0ddbcd0,0x00000000e3000000)
  from space 10240K, 77% used [0x00000000e3000000,0x00000000e37bb778,0x00000000e3a00000)
  to   space 10752K, 0% used [0x00000000e5000000,0x00000000e5000000,0x00000000e5a80000)
 ParOldGen       total 65536K, used 8779K [0x00000000a0000000, 0x00000000a4000000, 0x00000000e0000000)
  object space 65536K, 13% used [0x00000000a0000000,0x00000000a0892ef0,0x00000000a4000000)
 Metaspace       used 30130K, capacity 30700K, committed 30976K, reserved 1075200K
  class space    used 4110K, capacity 4319K, committed 4352K, reserved 1048576K
GC Heap History (10 events):
Event: 2.420 GC heap before
{Heap before GC invocations=4 (full 0):
 PSYoungGen      total 38400K, used 33746K [0x00000000e0000000, 0x00000000e2a80000, 0x0000000100000000)
  eden space 33280K, 86% used [0x00000000e0000000,0x00000000e1bf6d38,0x00000000e2080000)
  from space 5120K, 99% used [0x00000000e2080000,0x00000000e257de10,0x00000000e2580000)
  to   space 5120K, 0% used [0x00000000e2580000,0x00000000e2580000,0x00000000e2a80000)
 ParOldGen       total 87552K, used 3911K [0x00000000a0000000, 0x00000000a5580000, 0x00000000e0000000)
  object space 87552K, 4% used [0x00000000a0000000,0x00000000a03d1dd0,0x00000000a5580000)
 Metaspace       used 20648K, capacity 21130K, committed 21248K, reserved 1067008K
  class space    used 2858K, capacity 3038K, committed 3072K, reserved 1048576K
Event: 2.425 GC heap after
Heap after GC invocations=4 (full 0):
 PSYoungGen      total 38400K, used 5092K [0x00000000e0000000, 0x00000000e2a80000, 0x0000000100000000)
  eden space 33280K, 0% used [0x00000000e0000000,0x00000000e0000000,0x00000000e2080000)
  from space 5120K, 99% used [0x00000000e2580000,0x00000000e2a79050,0x00000000e2a80000)
  to   space 5120K, 0% used [0x00000000e2080000,0x00000000e2080000,0x00000000e2580000)
 ParOldGen       total 87552K, used 7792K [0x00000000a0000000, 0x00000000a5580000, 0x00000000e0000000)
  object space 87552K, 8% used [0x00000000a0000000,0x00000000a079c1f8,0x00000000a5580000)
 Metaspace       used 20648K, capacity 21130K, committed 21248K, reserved 1067008K
  class space    used 2858K, capacity 3038K, committed 3072K, reserved 1048576K
}
Event: 2.425 GC heap before
{Heap before GC invocations=5 (full 1):
 PSYoungGen      total 38400K, used 5092K [0x00000000e0000000, 0x00000000e2a80000, 0x0000000100000000)
  eden space 33280K, 0% used [0x00000000e0000000,0x00000000e0000000,0x00000000e2080000)
  from space 5120K, 99% used [0x00000000e2580000,0x00000000e2a79050,0x00000000e2a80000)
  to   space 5120K, 0% used [0x00000000e2080000,0x00000000e2080000,0x00000000e2580000)
 ParOldGen       total 87552K, used 7792K [0x00000000a0000000, 0x00000000a5580000, 0x00000000e0000000)
  object space 87552K, 8% used [0x00000000a0000000,0x00000000a079c1f8,0x00000000a5580000)
 Metaspace       used 20648K, capacity 21130K, committed 21248K, reserved 1067008K
  class space    used 2858K, capacity 3038K, committed 3072K, reserved 1048576K
Event: 2.453 GC heap after
Heap after GC invocations=5 (full 1):
 PSYoungGen      total 38400K, used 0K [0x00000000e0000000, 0x00000000e2a80000, 0x0000000100000000)
  eden space 33280K, 0% used [0x00000000e0000000,0x00000000e0000000,0x00000000e2080000)
  from space 5120K, 0% used [0x00000000e2580000,0x00000000e2580000,0x00000000e2a80000)
  to   space 5120K, 0% used [0x00000000e2080000,0x00000000e2080000,0x00000000e2580000)
 ParOldGen       total 65536K, used 8755K [0x00000000a0000000, 0x00000000a4000000, 0x00000000e0000000)
  object space 65536K, 13% used [0x00000000a0000000,0x00000000a088cef0,0x00000000a4000000)
 Metaspace       used 20648K, capacity 21130K, committed 21248K, reserved 1067008K
  class space    used 2858K, capacity 3038K, committed 3072K, reserved 1048576K
}
Event: 2.833 GC heap before
{Heap before GC invocations=6 (full 1):
 PSYoungGen      total 38400K, used 33280K [0x00000000e0000000, 0x00000000e2a80000, 0x0000000100000000)
  eden space 33280K, 100% used [0x00000000e0000000,0x00000000e2080000,0x00000000e2080000)
  from space 5120K, 0% used [0x00000000e2580000,0x00000000e2580000,0x00000000e2a80000)
  to   space 5120K, 0% used [0x00000000e2080000,0x00000000e2080000,0x00000000e2580000)
 ParOldGen       total 65536K, used 8755K [0x00000000a0000000, 0x00000000a4000000, 0x00000000e0000000)
  object space 65536K, 13% used [0x00000000a0000000,0x00000000a088cef0,0x00000000a4000000)
 Metaspace       used 23557K, capacity 23994K, committed 24192K, reserved 1071104K
  class space    used 3204K, capacity 3368K, committed 3456K, reserved 1048576K
Event: 2.836 GC heap after
Heap after GC invocations=6 (full 1):
 PSYoungGen      total 38400K, used 4063K [0x00000000e0000000, 0x00000000e4480000, 0x0000000100000000)
  eden space 33280K, 0% used [0x00000000e0000000,0x00000000e0000000,0x00000000e2080000)
  from space 5120K, 79% used [0x00000000e2080000,0x00000000e2477cd8,0x00000000e2580000)
  to   space 10752K, 0% used [0x00000000e3a00000,0x00000000e3a00000,0x00000000e4480000)
 ParOldGen       total 65536K, used 8763K [0x00000000a0000000, 0x00000000a4000000, 0x00000000e0000000)
  object space 65536K, 13% used [0x00000000a0000000,0x00000000a088eef0,0x00000000a4000000)
 Metaspace       used 23557K, capacity 23994K, committed 24192K, reserved 1071104K
  class space    used 3204K, capacity 3368K, committed 3456K, reserved 1048576K
}
Event: 3.226 GC heap before
{Heap before GC invocations=7 (full 1):
 PSYoungGen      total 38400K, used 37343K [0x00000000e0000000, 0x00000000e4480000, 0x0000000100000000)
  eden space 33280K, 100% used [0x00000000e0000000,0x00000000e2080000,0x00000000e2080000)
  from space 5120K, 79% used [0x00000000e2080000,0x00000000e2477cd8,0x00000000e2580000)
  to   space 10752K, 0% used [0x00000000e3a00000,0x00000000e3a00000,0x00000000e4480000)
 ParOldGen       total 65536K, used 8763K [0x00000000a0000000, 0x00000000a4000000, 0x00000000e0000000)
  object space 65536K, 13% used [0x00000000a0000000,0x00000000a088eef0,0x00000000a4000000)
 Metaspace       used 25875K, capacity 26376K, committed 26624K, reserved 1073152K
  class space    used 3545K, capacity 3732K, committed 3840K, reserved 1048576K
Event: 3.230 GC heap after
Heap after GC invocations=7 (full 1):
 PSYoungGen      total 59392K, used 5506K [0x00000000e0000000, 0x00000000e4400000, 0x0000000100000000)
  eden space 49152K, 0% used [0x00000000e0000000,0x00000000e0000000,0x00000000e3000000)
  from space 10240K, 53% used [0x00000000e3a00000,0x00000000e3f60b10,0x00000000e4400000)
  to   space 10240K, 0% used [0x00000000e3000000,0x00000000e3000000,0x00000000e3a00000)
 ParOldGen       total 65536K, used 8771K [0x00000000a0000000, 0x00000000a4000000, 0x00000000e0000000)
  object space 65536K, 13% used [0x00000000a0000000,0x00000000a0890ef0,0x00000000a4000000)
 Metaspace       used 25875K, capacity 26376K, committed 26624K, reserved 1073152K
  class space    used 3545K, capacity 3732K, committed 3840K, reserved 1048576K
}
Event: 4.166 GC heap before
{Heap before GC invocations=8 (full 1):
 PSYoungGen      total 59392K, used 54658K [0x00000000e0000000, 0x00000000e4400000, 0x0000000100000000)
  eden space 49152K, 100% used [0x00000000e0000000,0x00000000e3000000,0x00000000e3000000)
  from space 10240K, 53% used [0x00000000e3a00000,0x00000000e3f60b10,0x00000000e4400000)
  to   space 10240K, 0% used [0x00000000e3000000,0x00000000e3000000,0x00000000e3a00000)
 ParOldGen       total 65536K, used 8771K [0x00000000a0000000, 0x00000000a4000000, 0x00000000e0000000)
  object space 65536K, 13% used [0x00000000a0000000,0x00000000a0890ef0,0x00000000a4000000)
 Metaspace       used 29979K, capacity 30572K, committed 30720K, reserved 1075200K
  class space    used 4105K, capacity 4319K, committed 4352K, reserved 1048576K
Event: 4.173 GC heap after
Heap after GC invocations=8 (full 1):
 PSYoungGen      total 59392K, used 7917K [0x00000000e0000000, 0x00000000e5a80000, 0x0000000100000000)
  eden space 49152K, 0% used [0x00000000e0000000,0x00000000e0000000,0x00000000e3000000)
  from space 10240K, 77% used [0x00000000e3000000,0x00000000e37bb778,0x00000000e3a00000)
  to   space 10752K, 0% used [0x00000000e5000000,0x00000000e5000000,0x00000000e5a80000)
 ParOldGen       total 65536K, used 8779K [0x00000000a0000000, 0x00000000a4000000, 0x00000000e0000000)
  object space 65536K, 13% used [0x00000000a0000000,0x00000000a0892ef0,0x00000000a4000000)
 Metaspace       used 29979K, capacity 30572K, committed 30720K, reserved 1075200K
  class space    used 4105K, capacity 4319K, committed 4352K, reserved 1048576K
}

