# JRE version: OpenJDK Runtime Environment (8.0_152-b01) (build 1.8.0_152-release-915-b01)
# Java VM: OpenJDK 64-Bit Server VM (25.152-b01 mixed mode windows-amd64 compressed oops)
Heap:
 PSYoungGen      total 160256K, used 110874K [0x00000000e0000000, 0x00000000ef000000, 0x0000000100000000)
  eden space 102400K, 65% used [0x00000000e0000000,0x00000000e4139700,0x00000000e6400000)
  from space 57856K, 76% used [0x00000000e6400000,0x00000000e8f0d2a0,0x00000000e9c80000)
  to   space 64000K, 0% used [0x00000000eb180000,0x00000000eb180000,0x00000000ef000000)
 ParOldGen       total 107008K, used 59252K [0x00000000a0000000, 0x00000000a6880000, 0x00000000e0000000)
  object space 107008K, 55% used [0x00000000a0000000,0x00000000a39dd2c8,0x00000000a6880000)
 Metaspace       used 80198K, capacity 84168K, committed 84312K, reserved 1122304K
  class space    used 10157K, capacity 11100K, committed 11136K, reserved 1048576K
GC Heap History (10 events):
Event: 905.266 GC heap before
{Heap before GC invocations=26 (full 3):
 PSYoungGen      total 148992K, used 145717K [0x00000000e0000000, 0x00000000ec600000, 0x0000000100000000)
  eden space 111616K, 100% used [0x00000000e0000000,0x00000000e6d00000,0x00000000e6d00000)
  from space 37376K, 91% used [0x00000000ea180000,0x00000000ec2cd410,0x00000000ec600000)
  to   space 45568K, 0% used [0x00000000e6d00000,0x00000000e6d00000,0x00000000e9980000)
 ParOldGen       total 107008K, used 49380K [0x00000000a0000000, 0x00000000a6880000, 0x00000000e0000000)
  object space 107008K, 46% used [0x00000000a0000000,0x00000000a30392f8,0x00000000a6880000)
 Metaspace       used 74945K, capacity 78616K, committed 78680K, reserved 1118208K
  class space    used 9682K, capacity 10602K, committed 10624K, reserved 1048576K
Event: 905.364 GC heap after
Heap after GC invocations=26 (full 3):
 PSYoungGen      total 154112K, used 43247K [0x00000000e0000000, 0x00000000ecf00000, 0x0000000100000000)
  eden space 108544K, 0% used [0x00000000e0000000,0x00000000e0000000,0x00000000e6a00000)
  from space 45568K, 94% used [0x00000000e6d00000,0x00000000e973bc20,0x00000000e9980000)
  to   space 51712K, 0% used [0x00000000e9c80000,0x00000000e9c80000,0x00000000ecf00000)
 ParOldGen       total 107008K, used 49388K [0x00000000a0000000, 0x00000000a6880000, 0x00000000e0000000)
  object space 107008K, 46% used [0x00000000a0000000,0x00000000a303b2f8,0x00000000a6880000)
 Metaspace       used 74945K, capacity 78616K, committed 78680K, reserved 1118208K
  class space    used 9682K, capacity 10602K, committed 10624K, reserved 1048576K
}
Event: 908.745 GC heap before
{Heap before GC invocations=27 (full 3):
 PSYoungGen      total 154112K, used 151791K [0x00000000e0000000, 0x00000000ecf00000, 0x0000000100000000)
  eden space 108544K, 100% used [0x00000000e0000000,0x00000000e6a00000,0x00000000e6a00000)
  from space 45568K, 94% used [0x00000000e6d00000,0x00000000e973bc20,0x00000000e9980000)
  to   space 51712K, 0% used [0x00000000e9c80000,0x00000000e9c80000,0x00000000ecf00000)
 ParOldGen       total 107008K, used 49388K [0x00000000a0000000, 0x00000000a6880000, 0x00000000e0000000)
  object space 107008K, 46% used [0x00000000a0000000,0x00000000a303b2f8,0x00000000a6880000)
 Metaspace       used 79750K, capacity 83644K, committed 83800K, reserved 1122304K
  class space    used 10156K, capacity 11100K, committed 11136K, reserved 1048576K
Event: 908.776 GC heap after
Heap after GC invocations=27 (full 3):
 PSYoungGen      total 154112K, used 46509K [0x00000000e0000000, 0x00000000ee380000, 0x0000000100000000)
  eden space 102400K, 0% used [0x00000000e0000000,0x00000000e0000000,0x00000000e6400000)
  from space 51712K, 89% used [0x00000000e9c80000,0x00000000ec9eb498,0x00000000ecf00000)
  to   space 57856K, 0% used [0x00000000e6400000,0x00000000e6400000,0x00000000e9c80000)
 ParOldGen       total 107008K, used 49396K [0x00000000a0000000, 0x00000000a6880000, 0x00000000e0000000)
  object space 107008K, 46% used [0x00000000a0000000,0x00000000a303d2f8,0x00000000a6880000)
 Metaspace       used 79750K, capacity 83644K, committed 83800K, reserved 1122304K
  class space    used 10156K, capacity 11100K, committed 11136K, reserved 1048576K
}
Event: 909.118 GC heap before
{Heap before GC invocations=28 (full 3):
 PSYoungGen      total 154112K, used 148909K [0x00000000e0000000, 0x00000000ee380000, 0x0000000100000000)
  eden space 102400K, 100% used [0x00000000e0000000,0x00000000e6400000,0x00000000e6400000)
  from space 51712K, 89% used [0x00000000e9c80000,0x00000000ec9eb498,0x00000000ecf00000)
  to   space 57856K, 0% used [0x00000000e6400000,0x00000000e6400000,0x00000000e9c80000)
 ParOldGen       total 107008K, used 49396K [0x00000000a0000000, 0x00000000a6880000, 0x00000000e0000000)
  object space 107008K, 46% used [0x00000000a0000000,0x00000000a303d2f8,0x00000000a6880000)
 Metaspace       used 79823K, capacity 83708K, committed 83800K, reserved 1122304K
  class space    used 10157K, capacity 11100K, committed 11136K, reserved 1048576K
Event: 909.147 GC heap after
Heap after GC invocations=28 (full 3):
 PSYoungGen      total 160256K, used 49568K [0x00000000e0000000, 0x00000000ef000000, 0x0000000100000000)
  eden space 102400K, 0% used [0x00000000e0000000,0x00000000e0000000,0x00000000e6400000)
  from space 57856K, 85% used [0x00000000e6400000,0x00000000e9468000,0x00000000e9c80000)
  to   space 64000K, 0% used [0x00000000eb180000,0x00000000eb180000,0x00000000ef000000)
 ParOldGen       total 107008K, used 49404K [0x00000000a0000000, 0x00000000a6880000, 0x00000000e0000000)
  object space 107008K, 46% used [0x00000000a0000000,0x00000000a303f2f8,0x00000000a6880000)
 Metaspace       used 79823K, capacity 83708K, committed 83800K, reserved 1122304K
  class space    used 10157K, capacity 11100K, committed 11136K, reserved 1048576K
}
Event: 909.368 GC heap before
{Heap before GC invocations=29 (full 3):
 PSYoungGen      total 160256K, used 151968K [0x00000000e0000000, 0x00000000ef000000, 0x0000000100000000)
  eden space 102400K, 100% used [0x00000000e0000000,0x00000000e6400000,0x00000000e6400000)
  from space 57856K, 85% used [0x00000000e6400000,0x00000000e9468000,0x00000000e9c80000)
  to   space 64000K, 0% used [0x00000000eb180000,0x00000000eb180000,0x00000000ef000000)
 ParOldGen       total 107008K, used 49404K [0x00000000a0000000, 0x00000000a6880000, 0x00000000e0000000)
  object space 107008K, 46% used [0x00000000a0000000,0x00000000a303f2f8,0x00000000a6880000)
 Metaspace       used 80019K, capacity 83900K, committed 84056K, reserved 1122304K
  class space    used 10157K, capacity 11100K, committed 11136K, reserved 1048576K
Event: 909.402 GC heap after
Heap after GC invocations=29 (full 3):
 PSYoungGen      total 166400K, used 54352K [0x00000000e0000000, 0x00000000ef000000, 0x0000000100000000)
  eden space 102400K, 0% used [0x00000000e0000000,0x00000000e0000000,0x00000000e6400000)
  from space 64000K, 84% used [0x00000000eb180000,0x00000000ee694318,0x00000000ef000000)
  to   space 57856K, 0% used [0x00000000e6400000,0x00000000e6400000,0x00000000e9c80000)
 ParOldGen       total 107008K, used 49412K [0x00000000a0000000, 0x00000000a6880000, 0x00000000e0000000)
  object space 107008K, 46% used [0x00000000a0000000,0x00000000a30412f8,0x00000000a6880000)
 Metaspace       used 80019K, capacity 83900K, committed 84056K, reserved 1122304K
  class space    used 10157K, capacity 11100K, committed 11136K, reserved 1048576K
}
Event: 909.622 GC heap before
{Heap before GC invocations=30 (full 3):
 PSYoungGen      total 166400K, used 156752K [0x00000000e0000000, 0x00000000ef000000, 0x0000000100000000)
  eden space 102400K, 100% used [0x00000000e0000000,0x00000000e6400000,0x00000000e6400000)
  from space 64000K, 84% used [0x00000000eb180000,0x00000000ee694318,0x00000000ef000000)
  to   space 57856K, 0% used [0x00000000e6400000,0x00000000e6400000,0x00000000e9c80000)
 ParOldGen       total 107008K, used 49412K [0x00000000a0000000, 0x00000000a6880000, 0x00000000e0000000)
  object space 107008K, 46% used [0x00000000a0000000,0x00000000a30412f8,0x00000000a6880000)
 Metaspace       used 80125K, capacity 84032K, committed 84312K, reserved 1122304K
  class space    used 10157K, capacity 11100K, committed 11136K, reserved 1048576K
Event: 909.662 GC heap after
Heap after GC invocations=30 (full 3):
 PSYoungGen      total 160256K, used 44084K [0x00000000e0000000, 0x00000000ef000000, 0x0000000100000000)
  eden space 102400K, 0% used [0x00000000e0000000,0x00000000e0000000,0x00000000e6400000)
  from space 57856K, 76% used [0x00000000e6400000,0x00000000e8f0d2a0,0x00000000e9c80000)
  to   space 64000K, 0% used [0x00000000eb180000,0x00000000eb180000,0x00000000ef000000)
 ParOldGen       total 107008K, used 59252K [0x00000000a0000000, 0x00000000a6880000, 0x00000000e0000000)
  object space 107008K, 55% used [0x00000000a0000000,0x00000000a39dd2c8,0x00000000a6880000)
 Metaspace       used 80125K, capacity 84032K, committed 84312K, reserved 1122304K
  class space    used 10157K, capacity 11100K, committed 11136K, reserved 1048576K
}

