# JRE version: OpenJDK Runtime Environment (8.0_152-b01) (build 1.8.0_152-release-915-b01)
# Java VM: OpenJDK 64-Bit Server VM (25.152-b01 mixed mode windows-amd64 compressed oops)
Heap:
 PSYoungGen      total 217600K, used 87184K [0x00000000e0000000, 0x00000000f0300000, 0x0000000100000000)
  eden space 169984K, 30% used [0x00000000e0000000,0x00000000e320ce00,0x00000000ea600000)
  from space 47616K, 75% used [0x00000000ea600000,0x00000000ec917330,0x00000000ed480000)
  to   space 47616K, 0% used [0x00000000ed480000,0x00000000ed480000,0x00000000f0300000)
 ParOldGen       total 157184K, used 71871K [0x00000000a0000000, 0x00000000a9980000, 0x00000000e0000000)
  object space 157184K, 45% used [0x00000000a0000000,0x00000000a462ff60,0x00000000a9980000)
 Metaspace       used 88958K, capacity 97542K, committed 97880K, reserved 1134592K
  class space    used 11216K, capacity 13119K, committed 13184K, reserved 1048576K
GC Heap History (10 events):
Event: 2899.289 GC heap before
{Heap before GC invocations=38 (full 3):
 PSYoungGen      total 170496K, used 158412K [0x00000000e0000000, 0x00000000ee400000, 0x0000000100000000)
  eden space 125952K, 100% used [0x00000000e0000000,0x00000000e7b00000,0x00000000e7b00000)
  from space 44544K, 72% used [0x00000000ea780000,0x00000000ec733278,0x00000000ed300000)
  to   space 45568K, 0% used [0x00000000e7b00000,0x00000000e7b00000,0x00000000ea780000)
 ParOldGen       total 157184K, used 66214K [0x00000000a0000000, 0x00000000a9980000, 0x00000000e0000000)
  object space 157184K, 42% used [0x00000000a0000000,0x00000000a40a9a78,0x00000000a9980000)
 Metaspace       used 88452K, capacity 97014K, committed 97368K, reserved 1134592K
  class space    used 11215K, capacity 13119K, committed 13184K, reserved 1048576K
Event: 2899.308 GC heap after
Heap after GC invocations=38 (full 3):
 PSYoungGen      total 171520K, used 33562K [0x00000000e0000000, 0x00000000ee800000, 0x0000000100000000)
  eden space 125952K, 0% used [0x00000000e0000000,0x00000000e0000000,0x00000000e7b00000)
  from space 45568K, 73% used [0x00000000e7b00000,0x00000000e9bc6948,0x00000000ea780000)
  to   space 46592K, 0% used [0x00000000eba80000,0x00000000eba80000,0x00000000ee800000)
 ParOldGen       total 157184K, used 66557K [0x00000000a0000000, 0x00000000a9980000, 0x00000000e0000000)
  object space 157184K, 42% used [0x00000000a0000000,0x00000000a40ff430,0x00000000a9980000)
 Metaspace       used 88452K, capacity 97014K, committed 97368K, reserved 1134592K
  class space    used 11215K, capacity 13119K, committed 13184K, reserved 1048576K
}
Event: 2899.589 GC heap before
{Heap before GC invocations=39 (full 3):
 PSYoungGen      total 171520K, used 159514K [0x00000000e0000000, 0x00000000ee800000, 0x0000000100000000)
  eden space 125952K, 100% used [0x00000000e0000000,0x00000000e7b00000,0x00000000e7b00000)
  from space 45568K, 73% used [0x00000000e7b00000,0x00000000e9bc6948,0x00000000ea780000)
  to   space 46592K, 0% used [0x00000000eba80000,0x00000000eba80000,0x00000000ee800000)
 ParOldGen       total 157184K, used 66557K [0x00000000a0000000, 0x00000000a9980000, 0x00000000e0000000)
  object space 157184K, 42% used [0x00000000a0000000,0x00000000a40ff430,0x00000000a9980000)
 Metaspace       used 88671K, capacity 97274K, committed 97624K, reserved 1134592K
  class space    used 11216K, capacity 13119K, committed 13184K, reserved 1048576K
Event: 2899.619 GC heap after
Heap after GC invocations=39 (full 3):
 PSYoungGen      total 189952K, used 34666K [0x00000000e0000000, 0x00000000eed80000, 0x0000000100000000)
  eden space 143360K, 0% used [0x00000000e0000000,0x00000000e0000000,0x00000000e8c00000)
  from space 46592K, 74% used [0x00000000eba80000,0x00000000edc5a918,0x00000000ee800000)
  to   space 47616K, 0% used [0x00000000e8c00000,0x00000000e8c00000,0x00000000eba80000)
 ParOldGen       total 157184K, used 67165K [0x00000000a0000000, 0x00000000a9980000, 0x00000000e0000000)
  object space 157184K, 42% used [0x00000000a0000000,0x00000000a41974d8,0x00000000a9980000)
 Metaspace       used 88671K, capacity 97274K, committed 97624K, reserved 1134592K
  class space    used 11216K, capacity 13119K, committed 13184K, reserved 1048576K
}
Event: 2899.962 GC heap before
{Heap before GC invocations=40 (full 3):
 PSYoungGen      total 189952K, used 178026K [0x00000000e0000000, 0x00000000eed80000, 0x0000000100000000)
  eden space 143360K, 100% used [0x00000000e0000000,0x00000000e8c00000,0x00000000e8c00000)
  from space 46592K, 74% used [0x00000000eba80000,0x00000000edc5a918,0x00000000ee800000)
  to   space 47616K, 0% used [0x00000000e8c00000,0x00000000e8c00000,0x00000000eba80000)
 ParOldGen       total 157184K, used 67165K [0x00000000a0000000, 0x00000000a9980000, 0x00000000e0000000)
  object space 157184K, 42% used [0x00000000a0000000,0x00000000a41974d8,0x00000000a9980000)
 Metaspace       used 88863K, capacity 97470K, committed 97624K, reserved 1134592K
  class space    used 11216K, capacity 13119K, committed 13184K, reserved 1048576K
Event: 2899.992 GC heap after
Heap after GC invocations=40 (full 3):
 PSYoungGen      total 190976K, used 33656K [0x00000000e0000000, 0x00000000f0380000, 0x0000000100000000)
  eden space 143360K, 0% used [0x00000000e0000000,0x00000000e0000000,0x00000000e8c00000)
  from space 47616K, 70% used [0x00000000e8c00000,0x00000000eacde218,0x00000000eba80000)
  to   space 48128K, 0% used [0x00000000ed480000,0x00000000ed480000,0x00000000f0380000)
 ParOldGen       total 157184K, used 69163K [0x00000000a0000000, 0x00000000a9980000, 0x00000000e0000000)
  object space 157184K, 44% used [0x00000000a0000000,0x00000000a438ad88,0x00000000a9980000)
 Metaspace       used 88863K, capacity 97470K, committed 97624K, reserved 1134592K
  class space    used 11216K, capacity 13119K, committed 13184K, reserved 1048576K
}
Event: 2900.288 GC heap before
{Heap before GC invocations=41 (full 3):
 PSYoungGen      total 190976K, used 177016K [0x00000000e0000000, 0x00000000f0380000, 0x0000000100000000)
  eden space 143360K, 100% used [0x00000000e0000000,0x00000000e8c00000,0x00000000e8c00000)
  from space 47616K, 70% used [0x00000000e8c00000,0x00000000eacde218,0x00000000eba80000)
  to   space 48128K, 0% used [0x00000000ed480000,0x00000000ed480000,0x00000000f0380000)
 ParOldGen       total 157184K, used 69163K [0x00000000a0000000, 0x00000000a9980000, 0x00000000e0000000)
  object space 157184K, 44% used [0x00000000a0000000,0x00000000a438ad88,0x00000000a9980000)
 Metaspace       used 88923K, capacity 97542K, committed 97880K, reserved 1134592K
  class space    used 11216K, capacity 13119K, committed 13184K, reserved 1048576K
Event: 2900.314 GC heap after
Heap after GC invocations=41 (full 3):
 PSYoungGen      total 217600K, used 32880K [0x00000000e0000000, 0x00000000f0300000, 0x0000000100000000)
  eden space 169984K, 0% used [0x00000000e0000000,0x00000000e0000000,0x00000000ea600000)
  from space 47616K, 69% used [0x00000000ed480000,0x00000000ef49c268,0x00000000f0300000)
  to   space 47616K, 0% used [0x00000000ea600000,0x00000000ea600000,0x00000000ed480000)
 ParOldGen       total 157184K, used 70391K [0x00000000a0000000, 0x00000000a9980000, 0x00000000e0000000)
  object space 157184K, 44% used [0x00000000a0000000,0x00000000a44bded8,0x00000000a9980000)
 Metaspace       used 88923K, capacity 97542K, committed 97880K, reserved 1134592K
  class space    used 11216K, capacity 13119K, committed 13184K, reserved 1048576K
}
Event: 2900.644 GC heap before
{Heap before GC invocations=42 (full 3):
 PSYoungGen      total 217600K, used 202864K [0x00000000e0000000, 0x00000000f0300000, 0x0000000100000000)
  eden space 169984K, 100% used [0x00000000e0000000,0x00000000ea600000,0x00000000ea600000)
  from space 47616K, 69% used [0x00000000ed480000,0x00000000ef49c268,0x00000000f0300000)
  to   space 47616K, 0% used [0x00000000ea600000,0x00000000ea600000,0x00000000ed480000)
 ParOldGen       total 157184K, used 70391K [0x00000000a0000000, 0x00000000a9980000, 0x00000000e0000000)
  object space 157184K, 44% used [0x00000000a0000000,0x00000000a44bded8,0x00000000a9980000)
 Metaspace       used 88956K, capacity 97542K, committed 97880K, reserved 1134592K
  class space    used 11216K, capacity 13119K, committed 13184K, reserved 1048576K
Event: 2900.669 GC heap after
Heap after GC invocations=42 (full 3):
 PSYoungGen      total 217600K, used 35932K [0x00000000e0000000, 0x00000000f0300000, 0x0000000100000000)
  eden space 169984K, 0% used [0x00000000e0000000,0x00000000e0000000,0x00000000ea600000)
  from space 47616K, 75% used [0x00000000ea600000,0x00000000ec917330,0x00000000ed480000)
  to   space 47616K, 0% used [0x00000000ed480000,0x00000000ed480000,0x00000000f0300000)
 ParOldGen       total 157184K, used 71871K [0x00000000a0000000, 0x00000000a9980000, 0x00000000e0000000)
  object space 157184K, 45% used [0x00000000a0000000,0x00000000a462ff60,0x00000000a9980000)
 Metaspace       used 88956K, capacity 97542K, committed 97880K, reserved 1134592K
  class space    used 11216K, capacity 13119K, committed 13184K, reserved 1048576K
}

