# JRE version: OpenJDK Runtime Environment (8.0_152-b01) (build 1.8.0_152-release-915-b01)
# Java VM: OpenJDK 64-Bit Server VM (25.152-b01 mixed mode windows-amd64 compressed oops)
Heap:
 PSYoungGen      total 161792K, used 58113K [0x00000000e0000000, 0x00000000ec580000, 0x0000000100000000)
  eden space 146432K, 29% used [0x00000000e0000000,0x00000000e29c28a0,0x00000000e8f00000)
  from space 15360K, 99% used [0x00000000ea380000,0x00000000eb27dd30,0x00000000eb280000)
  to   space 20992K, 0% used [0x00000000e8f00000,0x00000000e8f00000,0x00000000ea380000)
 ParOldGen       total 108544K, used 30450K [0x00000000a0000000, 0x00000000a6a00000, 0x00000000e0000000)
  object space 108544K, 28% used [0x00000000a0000000,0x00000000a1dbca18,0x00000000a6a00000)
 Metaspace       used 56383K, capacity 58232K, committed 58456K, reserved 1099776K
  class space    used 7521K, capacity 7955K, committed 8064K, reserved 1048576K
GC Heap History (10 events):
Event: 4.563 GC heap before
{Heap before GC invocations=8 (full 1):
 PSYoungGen      total 104448K, used 63355K [0x00000000e0000000, 0x00000000e7100000, 0x0000000100000000)
  eden space 94208K, 58% used [0x00000000e0000000,0x00000000e35e0448,0x00000000e5c00000)
  from space 10240K, 79% used [0x00000000e6700000,0x00000000e6efe8c0,0x00000000e7100000)
  to   space 10752K, 0% used [0x00000000e5c00000,0x00000000e5c00000,0x00000000e6680000)
 ParOldGen       total 67072K, used 11384K [0x00000000a0000000, 0x00000000a4180000, 0x00000000e0000000)
  object space 67072K, 16% used [0x00000000a0000000,0x00000000a0b1e0c8,0x00000000a4180000)
 Metaspace       used 34535K, capacity 35226K, committed 35416K, reserved 1079296K
  class space    used 4694K, capacity 4963K, committed 4992K, reserved 1048576K
Event: 4.572 GC heap after
Heap after GC invocations=8 (full 1):
 PSYoungGen      total 104960K, used 9675K [0x00000000e0000000, 0x00000000e9a00000, 0x0000000100000000)
  eden space 94208K, 0% used [0x00000000e0000000,0x00000000e0000000,0x00000000e5c00000)
  from space 10752K, 89% used [0x00000000e5c00000,0x00000000e6572c48,0x00000000e6680000)
  to   space 11776K, 0% used [0x00000000e8e80000,0x00000000e8e80000,0x00000000e9a00000)
 ParOldGen       total 67072K, used 11456K [0x00000000a0000000, 0x00000000a4180000, 0x00000000e0000000)
  object space 67072K, 17% used [0x00000000a0000000,0x00000000a0b300d8,0x00000000a4180000)
 Metaspace       used 34535K, capacity 35226K, committed 35416K, reserved 1079296K
  class space    used 4694K, capacity 4963K, committed 4992K, reserved 1048576K
}
Event: 4.572 GC heap before
{Heap before GC invocations=9 (full 2):
 PSYoungGen      total 104960K, used 9675K [0x00000000e0000000, 0x00000000e9a00000, 0x0000000100000000)
  eden space 94208K, 0% used [0x00000000e0000000,0x00000000e0000000,0x00000000e5c00000)
  from space 10752K, 89% used [0x00000000e5c00000,0x00000000e6572c48,0x00000000e6680000)
  to   space 11776K, 0% used [0x00000000e8e80000,0x00000000e8e80000,0x00000000e9a00000)
 ParOldGen       total 67072K, used 11456K [0x00000000a0000000, 0x00000000a4180000, 0x00000000e0000000)
  object space 67072K, 17% used [0x00000000a0000000,0x00000000a0b300d8,0x00000000a4180000)
 Metaspace       used 34535K, capacity 35226K, committed 35416K, reserved 1079296K
  class space    used 4694K, capacity 4963K, committed 4992K, reserved 1048576K
Event: 4.640 GC heap after
Heap after GC invocations=9 (full 2):
 PSYoungGen      total 104960K, used 0K [0x00000000e0000000, 0x00000000e9a00000, 0x0000000100000000)
  eden space 94208K, 0% used [0x00000000e0000000,0x00000000e0000000,0x00000000e5c00000)
  from space 10752K, 0% used [0x00000000e5c00000,0x00000000e5c00000,0x00000000e6680000)
  to   space 11776K, 0% used [0x00000000e8e80000,0x00000000e8e80000,0x00000000e9a00000)
 ParOldGen       total 108544K, used 15759K [0x00000000a0000000, 0x00000000a6a00000, 0x00000000e0000000)
  object space 108544K, 14% used [0x00000000a0000000,0x00000000a0f63cb0,0x00000000a6a00000)
 Metaspace       used 34535K, capacity 35226K, committed 35416K, reserved 1079296K
  class space    used 4694K, capacity 4963K, committed 4992K, reserved 1048576K
}
Event: 5.663 GC heap before
{Heap before GC invocations=10 (full 2):
 PSYoungGen      total 104960K, used 94208K [0x00000000e0000000, 0x00000000e9a00000, 0x0000000100000000)
  eden space 94208K, 100% used [0x00000000e0000000,0x00000000e5c00000,0x00000000e5c00000)
  from space 10752K, 0% used [0x00000000e5c00000,0x00000000e5c00000,0x00000000e6680000)
  to   space 11776K, 0% used [0x00000000e8e80000,0x00000000e8e80000,0x00000000e9a00000)
 ParOldGen       total 108544K, used 15759K [0x00000000a0000000, 0x00000000a6a00000, 0x00000000e0000000)
  object space 108544K, 14% used [0x00000000a0000000,0x00000000a0f63cb0,0x00000000a6a00000)
 Metaspace       used 40719K, capacity 41568K, committed 41816K, reserved 1085440K
  class space    used 5417K, capacity 5720K, committed 5760K, reserved 1048576K
Event: 5.675 GC heap after
Heap after GC invocations=10 (full 2):
 PSYoungGen      total 137216K, used 10324K [0x00000000e0000000, 0x00000000e9900000, 0x0000000100000000)
  eden space 126464K, 0% used [0x00000000e0000000,0x00000000e0000000,0x00000000e7b80000)
  from space 10752K, 96% used [0x00000000e8e80000,0x00000000e9895318,0x00000000e9900000)
  to   space 12288K, 0% used [0x00000000e8100000,0x00000000e8100000,0x00000000e8d00000)
 ParOldGen       total 108544K, used 15767K [0x00000000a0000000, 0x00000000a6a00000, 0x00000000e0000000)
  object space 108544K, 14% used [0x00000000a0000000,0x00000000a0f65cb0,0x00000000a6a00000)
 Metaspace       used 40719K, capacity 41568K, committed 41816K, reserved 1085440K
  class space    used 5417K, capacity 5720K, committed 5760K, reserved 1048576K
}
Event: 7.037 GC heap before
{Heap before GC invocations=11 (full 2):
 PSYoungGen      total 137216K, used 136788K [0x00000000e0000000, 0x00000000e9900000, 0x0000000100000000)
  eden space 126464K, 100% used [0x00000000e0000000,0x00000000e7b80000,0x00000000e7b80000)
  from space 10752K, 96% used [0x00000000e8e80000,0x00000000e9895318,0x00000000e9900000)
  to   space 12288K, 0% used [0x00000000e8100000,0x00000000e8100000,0x00000000e8d00000)
 ParOldGen       total 108544K, used 15767K [0x00000000a0000000, 0x00000000a6a00000, 0x00000000e0000000)
  object space 108544K, 14% used [0x00000000a0000000,0x00000000a0f65cb0,0x00000000a6a00000)
 Metaspace       used 49013K, capacity 50390K, committed 50520K, reserved 1093632K
  class space    used 6576K, capacity 6974K, committed 7040K, reserved 1048576K
Event: 7.051 GC heap after
Heap after GC invocations=11 (full 2):
 PSYoungGen      total 144384K, used 12280K [0x00000000e0000000, 0x00000000eb280000, 0x0000000100000000)
  eden space 132096K, 0% used [0x00000000e0000000,0x00000000e0000000,0x00000000e8100000)
  from space 12288K, 99% used [0x00000000e8100000,0x00000000e8cfe128,0x00000000e8d00000)
  to   space 15360K, 0% used [0x00000000ea380000,0x00000000ea380000,0x00000000eb280000)
 ParOldGen       total 108544K, used 19476K [0x00000000a0000000, 0x00000000a6a00000, 0x00000000e0000000)
  object space 108544K, 17% used [0x00000000a0000000,0x00000000a13052c8,0x00000000a6a00000)
 Metaspace       used 49013K, capacity 50390K, committed 50520K, reserved 1093632K
  class space    used 6576K, capacity 6974K, committed 7040K, reserved 1048576K
}
Event: 9.117 GC heap before
{Heap before GC invocations=12 (full 2):
 PSYoungGen      total 144384K, used 144376K [0x00000000e0000000, 0x00000000eb280000, 0x0000000100000000)
  eden space 132096K, 100% used [0x00000000e0000000,0x00000000e8100000,0x00000000e8100000)
  from space 12288K, 99% used [0x00000000e8100000,0x00000000e8cfe128,0x00000000e8d00000)
  to   space 15360K, 0% used [0x00000000ea380000,0x00000000ea380000,0x00000000eb280000)
 ParOldGen       total 108544K, used 19476K [0x00000000a0000000, 0x00000000a6a00000, 0x00000000e0000000)
  object space 108544K, 17% used [0x00000000a0000000,0x00000000a13052c8,0x00000000a6a00000)
 Metaspace       used 56225K, capacity 58104K, committed 58456K, reserved 1099776K
  class space    used 7518K, capacity 7955K, committed 8064K, reserved 1048576K
Event: 9.147 GC heap after
Heap after GC invocations=12 (full 2):
 PSYoungGen      total 161792K, used 15351K [0x00000000e0000000, 0x00000000ec580000, 0x0000000100000000)
  eden space 146432K, 0% used [0x00000000e0000000,0x00000000e0000000,0x00000000e8f00000)
  from space 15360K, 99% used [0x00000000ea380000,0x00000000eb27dd30,0x00000000eb280000)
  to   space 20992K, 0% used [0x00000000e8f00000,0x00000000e8f00000,0x00000000ea380000)
 ParOldGen       total 108544K, used 30450K [0x00000000a0000000, 0x00000000a6a00000, 0x00000000e0000000)
  object space 108544K, 28% used [0x00000000a0000000,0x00000000a1dbca18,0x00000000a6a00000)
 Metaspace       used 56225K, capacity 58104K, committed 58456K, reserved 1099776K
  class space    used 7518K, capacity 7955K, committed 8064K, reserved 1048576K
}

